2024-05-30 14:48:23,484 - INFO - Auto-update data started
2024-05-30 14:49:23,546 - INFO - ===================== Scraping task started =====================
2024-05-30 14:49:23,546 - INFO - Scraping 2 of IP Address from module_4
2024-05-30 14:53:32,382 - INFO - Auto-update data started
2024-05-30 14:54:32,442 - INFO - ===================== Scraping task started =====================
2024-05-30 14:54:32,443 - INFO - Scraping 2 of IP Address from module_4
2024-05-30 14:54:32,664 - INFO - Scraping 2 of IP Address from module_32
2024-05-30 14:54:32,713 - INFO - Scraping 2 of IP Address from module_ge
2024-05-30 14:58:00,476 - INFO - Auto-update data started
2024-05-30 14:59:00,534 - INFO - ===================== Scraping task started =====================
2024-05-30 14:59:00,534 - INFO - Scraping 2 of IP Address from module_4
2024-05-30 14:59:00,746 - INFO - Scraping 2 of IP Address from module_32
2024-05-30 14:59:00,804 - INFO - Scraping 2 of IP Address from module_ge
2024-05-30 15:01:19,542 - INFO - Auto-update data started
2024-05-30 15:02:19,605 - INFO - ===================== Scraping task started =====================
2024-05-30 15:02:19,606 - INFO - Scraping 2 of IP Address from module_4
2024-05-30 15:02:19,892 - INFO - Scraping 2 of IP Address from module_32
2024-05-30 15:02:19,927 - INFO - Scraping 2 of IP Address from module_ge
2024-05-30 15:02:19,967 - INFO - ===================== Scraping task ended =====================
2024-05-30 15:03:20,025 - INFO - ===================== Scraping task started =====================
2024-05-30 15:03:20,026 - INFO - Scraping 2 of IP Address from module_4
2024-05-30 15:03:20,071 - INFO - Scraping 2 of IP Address from module_32
2024-05-30 15:03:20,114 - INFO - Scraping 2 of IP Address from module_ge
2024-05-30 15:03:20,163 - INFO - ===================== Scraping task ended =====================
2024-05-30 15:04:20,222 - INFO - ===================== Scraping task started =====================
2024-05-30 15:04:20,223 - INFO - Scraping 2 of IP Address from module_4
2024-05-30 15:04:20,266 - INFO - Scraping 2 of IP Address from module_32
2024-05-30 15:04:20,303 - INFO - Scraping 2 of IP Address from module_ge
2024-05-30 15:04:20,347 - INFO - ===================== Scraping task ended =====================
2024-05-30 15:05:20,406 - INFO - ===================== Scraping task started =====================
2024-05-30 15:05:20,407 - INFO - Scraping 2 of IP Address from module_4
2024-05-30 15:05:20,453 - INFO - Scraping 2 of IP Address from module_32
2024-05-30 15:05:20,501 - INFO - Scraping 2 of IP Address from module_ge
2024-05-30 15:05:20,571 - INFO - ===================== Scraping task ended =====================
2024-05-30 15:05:30,691 - INFO - Scheduler stopped
2024-05-31 08:47:38,080 - INFO - Auto-update data started
2024-05-31 08:47:39,856 - INFO - ===================== Updating Data =====================
2024-05-31 08:47:39,856 - INFO - Scraping 0 of IP Address from module_4
2024-05-31 08:47:39,857 - INFO - Scraping 0 of IP Address from module_32
2024-05-31 08:47:39,858 - INFO - Scraping 0 of IP Address from module_ge
2024-05-31 08:47:39,858 - INFO - ===================== Data Updated =====================
2024-05-31 08:49:30,021 - INFO - Auto-update data stopped
2024-05-31 08:53:50,123 - INFO - Auto-update data started
2024-05-31 08:55:50,839 - INFO - Auto-update data started
2024-05-31 09:01:05,875 - INFO - Auto-update data started
2024-05-31 09:03:09,878 - INFO - Auto-update data started
2024-05-31 09:04:48,408 - INFO - Auto-update data started
2024-05-31 09:06:30,719 - INFO - Auto-update data stopped
2024-05-31 09:14:07,084 - INFO - Auto-update data started
2024-05-31 09:18:07,717 - INFO - Auto-update data stopped
2024-05-31 09:20:32,182 - INFO - Auto-update data started
2024-05-31 09:22:32,591 - INFO - Auto-update data stopped
2024-05-31 09:24:21,238 - INFO - Auto-update data started
2024-06-01 12:15:18,406 - INFO - Auto-update data started
2024-06-01 12:15:20,158 - INFO - ===================== Updating Data =====================
2024-06-01 12:15:20,158 - INFO - Scraping 0 of IP Address from module_4
2024-06-01 12:15:20,158 - INFO - Scraping 0 of IP Address from module_32
2024-06-01 12:15:20,159 - INFO - Scraping 0 of IP Address from module_ge
2024-06-01 12:15:20,159 - INFO - ===================== Data Updated =====================
